::1 - - [20/Feb/2022:03:02:03 +0200] "GET /phpmyadmin/ HTTP/1.1" 200 10555
::1 - - [20/Feb/2022:03:02:06 +0200] "POST /phpmyadmin/index.php?route=/config/get HTTP/1.1" 200 1724
::1 - - [20/Feb/2022:03:02:06 +0200] "POST /phpmyadmin/index.php?route=/navigation&ajax_request=1 HTTP/1.1" 200 2359
::1 - - [20/Feb/2022:03:02:06 +0200] "POST /phpmyadmin/index.php?route=/config/get HTTP/1.1" 200 1814
::1 - - [20/Feb/2022:03:02:07 +0200] "POST /phpmyadmin/index.php?route=/navigation&ajax_request=1 HTTP/1.1" 200 1740
::1 - - [20/Feb/2022:03:02:07 +0200] "POST /phpmyadmin/index.php?route=/config/set HTTP/1.1" 200 1715
::1 - - [20/Feb/2022:03:02:11 +0200] "POST /phpmyadmin/index.php?route=/logout HTTP/1.1" 302 10477
::1 - - [20/Feb/2022:03:02:11 +0200] "GET /phpmyadmin/index.php?route=/ HTTP/1.1" 200 5391
::1 - - [20/Feb/2022:03:02:22 +0200] "GET / HTTP/1.1" 200 82075
::1 - - [20/Feb/2022:03:02:43 +0200] "GET / HTTP/1.1" 200 81839
::1 - - [20/Feb/2022:03:03:32 +0200] "GET /phpmyadmin/ HTTP/1.1" 200 5393
::1 - - [20/Feb/2022:03:03:38 +0200] "POST /phpmyadmin/index.php?route=/ HTTP/1.1" 302 20
::1 - - [20/Feb/2022:03:03:38 +0200] "GET /phpmyadmin/index.php?route=/&route=%2F HTTP/1.1" 200 16991
::1 - - [20/Feb/2022:03:03:38 +0200] "GET /phpmyadmin/themes/pmahomme/css/theme.css?v=5.1.3&nocache=1871821094ltr&server=1 HTTP/1.1" 200 216144
::1 - - [20/Feb/2022:03:03:39 +0200] "POST /phpmyadmin/index.php?route=/navigation&ajax_request=1 HTTP/1.1" 200 2357
::1 - - [20/Feb/2022:03:03:39 +0200] "POST /phpmyadmin/index.php?route=/config/get HTTP/1.1" 200 1722
::1 - - [20/Feb/2022:03:03:39 +0200] "POST /phpmyadmin/index.php?route=/config/get HTTP/1.1" 200 1813
::1 - - [20/Feb/2022:03:03:39 +0200] "POST /phpmyadmin/index.php?route=/version-check HTTP/1.1" 200 64
::1 - - [20/Feb/2022:03:03:39 +0200] "POST /phpmyadmin/index.php?route=/navigation&ajax_request=1 HTTP/1.1" 200 1739
::1 - - [20/Feb/2022:03:03:40 +0200] "POST /phpmyadmin/index.php?route=/config/set HTTP/1.1" 200 1712
::1 - - [20/Feb/2022:03:03:48 +0200] "POST /phpmyadmin/index.php?route=/logout HTTP/1.1" 302 10478
::1 - - [20/Feb/2022:03:03:49 +0200] "GET /phpmyadmin/index.php?route=/ HTTP/1.1" 200 5392
::1 - - [20/Feb/2022:03:04:49 +0200] "-" 408 -
